============
10081.jpg: (60, 40)
14085.jpg: (60, 40)
14092.jpg: (60, 40)
15011.jpg: (60, 40)
15062.jpg: (60, 40)
16004.jpg: (60, 40)
16068.jpg: (60, 40)
17067.jpg: (40, 60)
20069.jpg: (40, 60)
2018.jpg: (40, 60)
23050.jpg: (40, 60)
28083.jpg: (60, 40)
29030.jpg: (60, 40)
3063.jpg: (60, 40)
33044.jpg: (40, 60)
35028.jpg: (60, 40)
35049.jpg: (60, 40)
36046.jpg: (60, 40)
41006.jpg: (60, 40)
41029.jpg: (60, 40)
41085.jpg: (60, 40)
41096.jpg: (60, 40)
43033.jpg: (60, 40)
43051.jpg: (60, 40)
45000.jpg: (60, 40)
48017.jpg: (60, 40)
48025.jpg: (60, 40)
49024.jpg: (60, 40)
5096.jpg: (60, 40)
51084.jpg: (60, 40)
6046.jpg: (40, 60)
61034.jpg: (40, 60)
64061.jpg: (40, 60)
65084.jpg: (40, 60)
69000.jpg: (60, 40)
69007.jpg: (60, 40)
69022.jpg: (60, 40)
70011.jpg: (60, 40)
70090.jpg: (40, 60)
71076.jpg: (40, 60)
71099.jpg: (60, 40)
77062.jpg: (60, 40)
78098.jpg: (60, 40)
79073.jpg: (60, 40)
80085.jpg: (60, 40)
80090.jpg: (40, 60)
8068.jpg: (60, 40)
81066.jpg: (60, 40)
81090.jpg: (40, 60)
81095.jpg: (60, 40)
